<?xml version="1.0" encoding="UTF-8"?>
<!-- Generated by org.testng.reporters.JUnitReportReporter -->
<testsuite hostname="GODHEAVEN" failures="0" tests="1" name="tests.LoginTest" time="6.097" errors="0" timestamp="2024-08-29T02:22:55 IST" skipped="0">
  <testcase classname="tests.LoginTest" name="loginWithValidData" time="6.097"/>
  <system-out/>
</testsuite> <!-- tests.LoginTest -->
