<?xml version="1.0" encoding="UTF-8"?>
<!-- Generated by org.testng.reporters.JUnitReportReporter -->
<testsuite hostname="GODHEAVEN" failures="0" tests="4" name="tests.NegaLoginTest" time="14.921" errors="0" timestamp="2024-08-29T23:02:04 IST" skipped="0">
  <testcase classname="tests.NegaLoginTest" name="loginWithInvalidCredentials" time="3.761"/>
  <system-out/>
  <testcase classname="tests.NegaLoginTest" name="loginWithInvalidCredentials" time="3.737"/>
  <system-out/>
  <testcase classname="tests.NegaLoginTest" name="loginWithInvalidCredentials" time="4.048"/>
  <system-out/>
  <testcase classname="tests.NegaLoginTest" name="loginWithInvalidCredentials" time="3.375"/>
  <system-out/>
</testsuite> <!-- tests.NegaLoginTest -->
