<?xml version="1.0" encoding="UTF-8"?>
<!-- Generated by org.testng.reporters.JUnitReportReporter -->
<testsuite hostname="GODHEAVEN" failures="0" tests="1" name="tests.LoginTest" time="7.792" errors="0" timestamp="2024-08-29T23:02:04 IST" skipped="0">
  <testcase classname="tests.LoginTest" name="loginWithValidData" time="7.792"/>
  <system-out/>
</testsuite> <!-- tests.LoginTest -->
